<?xml version="1.0" encoding="UTF-8"?>
<!-- Generated by org.testng.reporters.JUnitReportReporter -->
<testsuite hostname="LAPTOP-L3BQ5DRJ" failures="0" tests="1" name="com.demo.testng.emailtest.CreateEmail2Test" time="38.664" errors="0" timestamp="23 Jul 2025 16:13:40 GMT" skipped="0">
  <testcase classname="com.demo.testng.emailtest.CreateEmail2Test" name="searchEmailAndDeleteTest" time="38.664"/>
</testsuite> <!-- com.demo.testng.emailtest.CreateEmail2Test -->
